<?xml version="1.0" encoding="UTF-8"?>
<testsuite name="com.actions.app.AppApplicationTests" tests="1" skipped="0" failures="0" errors="0" timestamp="2023-01-30T12:09:38" hostname="taehundasom-ui-MacBookPro.local" time="0.278">
  <properties/>
  <testcase name="테스트엔티티 테스트" classname="com.actions.app.AppApplicationTests" time="0.278"/>
  <system-out><![CDATA[21:09:37.787 [Test worker] DEBUG org.springframework.test.context.BootstrapUtils - Instantiating CacheAwareContextLoaderDelegate from class [org.springframework.test.context.cache.DefaultCacheAwareContextLoaderDelegate]
21:09:37.793 [Test worker] DEBUG org.springframework.test.context.BootstrapUtils - Instantiating BootstrapContext using constructor [public org.springframework.test.context.support.DefaultBootstrapContext(java.lang.Class,org.springframework.test.context.CacheAwareContextLoaderDelegate)]
21:09:37.811 [Test worker] DEBUG org.springframework.test.context.BootstrapUtils - Instantiating TestContextBootstrapper for test class [com.actions.app.AppApplicationTests] from class [org.springframework.boot.test.context.SpringBootTestContextBootstrapper]
21:09:37.818 [Test worker] INFO org.springframework.boot.test.context.SpringBootTestContextBootstrapper - Neither @ContextConfiguration nor @ContextHierarchy found for test class [com.actions.app.AppApplicationTests], using SpringBootContextLoader
21:09:37.820 [Test worker] DEBUG org.springframework.test.context.support.AbstractContextLoader - Did not detect default resource location for test class [com.actions.app.AppApplicationTests]: class path resource [com/actions/app/AppApplicationTests-context.xml] does not exist
21:09:37.820 [Test worker] DEBUG org.springframework.test.context.support.AbstractContextLoader - Did not detect default resource location for test class [com.actions.app.AppApplicationTests]: class path resource [com/actions/app/AppApplicationTestsContext.groovy] does not exist
21:09:37.820 [Test worker] INFO org.springframework.test.context.support.AbstractContextLoader - Could not detect default resource locations for test class [com.actions.app.AppApplicationTests]: no resource found for suffixes {-context.xml, Context.groovy}.
21:09:37.821 [Test worker] INFO org.springframework.test.context.support.AnnotationConfigContextLoaderUtils - Could not detect default configuration classes for test class [com.actions.app.AppApplicationTests]: AppApplicationTests does not declare any static, non-private, non-final, nested classes annotated with @Configuration.
21:09:37.843 [Test worker] DEBUG org.springframework.test.context.support.ActiveProfilesUtils - Could not find an 'annotation declaring class' for annotation type [org.springframework.test.context.ActiveProfiles] and class [com.actions.app.AppApplicationTests]
21:09:37.870 [Test worker] DEBUG org.springframework.context.annotation.ClassPathScanningCandidateComponentProvider - Identified candidate component class: file [/Users/thds/actions-test/app/build/classes/java/main/com/actions/app/AppApplication.class]
21:09:37.871 [Test worker] INFO org.springframework.boot.test.context.SpringBootTestContextBootstrapper - Found @SpringBootConfiguration com.actions.app.AppApplication for test class com.actions.app.AppApplicationTests
21:09:37.922 [Test worker] DEBUG org.springframework.boot.test.context.SpringBootTestContextBootstrapper - @TestExecutionListeners is not present for class [com.actions.app.AppApplicationTests]: using defaults.
21:09:37.922 [Test worker] INFO org.springframework.boot.test.context.SpringBootTestContextBootstrapper - Loaded default TestExecutionListener class names from location [META-INF/spring.factories]: [org.springframework.boot.test.autoconfigure.restdocs.RestDocsTestExecutionListener, org.springframework.boot.test.autoconfigure.web.client.MockRestServiceServerResetTestExecutionListener, org.springframework.boot.test.autoconfigure.web.servlet.MockMvcPrintOnlyOnFailureTestExecutionListener, org.springframework.boot.test.autoconfigure.web.servlet.WebDriverTestExecutionListener, org.springframework.boot.test.autoconfigure.webservices.client.MockWebServiceServerTestExecutionListener, org.springframework.boot.test.mock.mockito.MockitoTestExecutionListener, org.springframework.boot.test.mock.mockito.ResetMocksTestExecutionListener, org.springframework.test.context.web.ServletTestExecutionListener, org.springframework.test.context.support.DirtiesContextBeforeModesTestExecutionListener, org.springframework.test.context.event.ApplicationEventsTestExecutionListener, org.springframework.test.context.support.DependencyInjectionTestExecutionListener, org.springframework.test.context.support.DirtiesContextTestExecutionListener, org.springframework.test.context.transaction.TransactionalTestExecutionListener, org.springframework.test.context.jdbc.SqlScriptsTestExecutionListener, org.springframework.test.context.event.EventPublishingTestExecutionListener]
21:09:37.933 [Test worker] DEBUG org.springframework.boot.test.context.SpringBootTestContextBootstrapper - Skipping candidate TestExecutionListener [org.springframework.test.context.transaction.TransactionalTestExecutionListener] due to a missing dependency. Specify custom listener classes or make the default listener classes and their required dependencies available. Offending class: [org/springframework/transaction/interceptor/TransactionAttributeSource]
21:09:37.933 [Test worker] DEBUG org.springframework.boot.test.context.SpringBootTestContextBootstrapper - Skipping candidate TestExecutionListener [org.springframework.test.context.jdbc.SqlScriptsTestExecutionListener] due to a missing dependency. Specify custom listener classes or make the default listener classes and their required dependencies available. Offending class: [org/springframework/transaction/interceptor/TransactionAttribute]
21:09:37.933 [Test worker] INFO org.springframework.boot.test.context.SpringBootTestContextBootstrapper - Using TestExecutionListeners: [org.springframework.test.context.web.ServletTestExecutionListener@1fc793c2, org.springframework.test.context.support.DirtiesContextBeforeModesTestExecutionListener@2575f671, org.springframework.test.context.event.ApplicationEventsTestExecutionListener@329a1243, org.springframework.boot.test.mock.mockito.MockitoTestExecutionListener@ecf9fb3, org.springframework.boot.test.autoconfigure.SpringBootDependencyInjectionTestExecutionListener@2d35442b, org.springframework.test.context.support.DirtiesContextTestExecutionListener@27f9e982, org.springframework.test.context.event.EventPublishingTestExecutionListener@4593ff34, org.springframework.boot.test.autoconfigure.restdocs.RestDocsTestExecutionListener@37d3d232, org.springframework.boot.test.autoconfigure.web.client.MockRestServiceServerResetTestExecutionListener@30c0ccff, org.springframework.boot.test.autoconfigure.web.servlet.MockMvcPrintOnlyOnFailureTestExecutionListener@581d969c, org.springframework.boot.test.autoconfigure.web.servlet.WebDriverTestExecutionListener@22db8f4, org.springframework.boot.test.autoconfigure.webservices.client.MockWebServiceServerTestExecutionListener@2b46a8c1, org.springframework.boot.test.mock.mockito.ResetMocksTestExecutionListener@1d572e62]
21:09:37.935 [Test worker] DEBUG org.springframework.test.context.support.AbstractDirtiesContextTestExecutionListener - Before test class: context [DefaultTestContext@58dea0a5 testClass = AppApplicationTests, testInstance = [null], testMethod = [null], testException = [null], mergedContextConfiguration = [WebMergedContextConfiguration@2a2bb0eb testClass = AppApplicationTests, locations = '{}', classes = '{class com.actions.app.AppApplication}', contextInitializerClasses = '[]', activeProfiles = '{}', propertySourceLocations = '{}', propertySourceProperties = '{org.springframework.boot.test.context.SpringBootTestContextBootstrapper=true}', contextCustomizers = set[org.springframework.boot.test.autoconfigure.actuate.metrics.MetricsExportContextCustomizerFactory$DisableMetricExportContextCustomizer@73163d48, org.springframework.boot.test.autoconfigure.properties.PropertyMappingContextCustomizer@0, org.springframework.boot.test.autoconfigure.web.servlet.WebDriverContextCustomizerFactory$Customizer@2a3c96e3, org.springframework.boot.test.context.filter.ExcludeFilterContextCustomizer@a776e, org.springframework.boot.test.json.DuplicateJsonObjectContextCustomizerFactory$DuplicateJsonObjectContextCustomizer@6821ea29, org.springframework.boot.test.mock.mockito.MockitoContextCustomizer@0, org.springframework.boot.test.web.client.TestRestTemplateContextCustomizer@40c80397, org.springframework.boot.test.context.SpringBootTestArgs@1, org.springframework.boot.test.context.SpringBootTestWebEnvironment@5e17553a], resourceBasePath = 'src/main/webapp', contextLoader = 'org.springframework.boot.test.context.SpringBootContextLoader', parent = [null]], attributes = map['org.springframework.test.context.web.ServletTestExecutionListener.activateListener' -> true]], class annotated with @DirtiesContext [false] with mode [null].

  .   ____          _            __ _ _
 /\\ / ___'_ __ _ _(_)_ __  __ _ \ \ \ \
( ( )\___ | '_ | '_| | '_ \/ _` | \ \ \ \
 \\/  ___)| |_)| | | | | || (_| |  ) ) ) )
  '  |____| .__|_| |_|_| |_\__, | / / / /
 =========|_|==============|___/=/_/_/_/
 :: Spring Boot ::                (v2.7.8)

2023-01-30 21:09:38.116  INFO 27457 --- [    Test worker] com.actions.app.AppApplicationTests      : Starting AppApplicationTests using Java 17.0.4.1 on taehundasom-ui-MacBookPro.local with PID 27457 (started by thds in /Users/thds/actions-test/app)
2023-01-30 21:09:38.116  INFO 27457 --- [    Test worker] com.actions.app.AppApplicationTests      : No active profile set, falling back to 1 default profile: "default"
2023-01-30 21:09:38.821  INFO 27457 --- [    Test worker] com.actions.app.AppApplicationTests      : Started AppApplicationTests in 0.865 seconds (JVM running for 1.556)
]]></system-out>
  <system-err><![CDATA[]]></system-err>
</testsuite>
